c:\pca\pca\debug\pca.pch
c:\pca\pca\debug\vc120.pdb
c:\pca\pca\debug\vc120.idb
c:\pca\pca\debug\stdafx.obj
c:\pca\pca\debug\cl_magma_rt.obj
c:\pca\pca\debug\constants.obj
c:\pca\pca\debug\get_nb_tahiti.obj
c:\pca\pca\debug\interface.obj
c:\pca\pca\debug\magmablas_s.obj
c:\pca\pca\debug\pca.obj
c:\pca\pca\debug\slaex0.obj
c:\pca\pca\debug\slaex1.obj
c:\pca\pca\debug\slaex3.obj
c:\pca\pca\debug\slarfb_gpu.obj
c:\pca\pca\debug\slatrd.obj
c:\pca\pca\debug\sormql.obj
c:\pca\pca\debug\sormqr.obj
c:\pca\pca\debug\sormtr.obj
c:\pca\pca\debug\spanel_to_q.obj
c:\pca\pca\debug\sstedx.obj
c:\pca\pca\debug\ssytrd.obj
c:\pca\pca\debug\xerbla.obj
c:\pca\pca\debug\pca.tlog\cl.command.1.tlog
c:\pca\pca\debug\pca.tlog\cl.read.1.tlog
c:\pca\pca\debug\pca.tlog\cl.write.1.tlog
