c:\pca\pca\x64\release\pca.pch
c:\pca\pca\x64\release\vc120.pdb
c:\pca\pca\x64\release\stdafx.obj
c:\pca\pca\x64\release\slatrd.obj
c:\pca\pca\x64\release\slarfb_gpu.obj
c:\pca\pca\x64\release\slaex3.obj
c:\pca\pca\x64\release\slaex1.obj
c:\pca\pca\x64\release\slaex0.obj
c:\pca\pca\x64\release\pca.obj
c:\pca\pca\x64\release\magmablas_s.obj
c:\pca\pca\x64\release\magmablas_d.obj
c:\pca\pca\x64\release\interface.obj
c:\pca\pca\x64\release\get_nb_tahiti.obj
c:\pca\pca\x64\release\dsytrd.obj
c:\pca\pca\x64\release\dsyevd.obj
c:\pca\pca\x64\release\dpanel_to_q.obj
c:\pca\pca\x64\release\dormtr.obj
c:\pca\pca\x64\release\dormqr.obj
c:\pca\pca\x64\release\dormql.obj
c:\pca\pca\x64\release\dlatrd.obj
c:\pca\pca\x64\release\dlarfb_gpu.obj
c:\pca\pca\x64\release\constants.obj
c:\pca\pca\x64\release\cl_magma_rt.obj
c:\pca\pca\x64\release\xerbla.obj
c:\pca\pca\x64\release\ssytrd.obj
c:\pca\pca\x64\release\ssyevd.obj
c:\pca\pca\x64\release\sstedx.obj
c:\pca\pca\x64\release\spanel_to_q.obj
c:\pca\pca\x64\release\sormtr.obj
c:\pca\pca\x64\release\sormqr.obj
c:\pca\pca\x64\release\sormql.obj
c:\pca\pca\x64\release\pca.tlog\cl.command.1.tlog
c:\pca\pca\x64\release\pca.tlog\cl.read.1.tlog
c:\pca\pca\x64\release\pca.tlog\cl.write.1.tlog
c:\pca\pca\x64\release\pca.tlog\link.command.1.tlog
c:\pca\pca\x64\release\pca.tlog\link.read.1.tlog
c:\pca\pca\x64\release\pca.tlog\link.write.1.tlog
