c:\pca\pca\x64\debug\pca.pch
c:\pca\pca\x64\debug\vc120.pdb
c:\pca\pca\x64\debug\vc120.idb
c:\pca\pca\x64\debug\stdafx.obj
c:\pca\pca\x64\debug\dsyevd.obj
c:\pca\pca\x64\debug\dsytrd.obj
c:\pca\pca\x64\debug\get_nb_tahiti.obj
c:\pca\pca\x64\debug\interface.obj
c:\pca\pca\x64\debug\magmablas_d.obj
c:\pca\pca\x64\debug\magmablas_s.obj
c:\pca\pca\x64\debug\pca.obj
c:\pca\pca\x64\debug\slaex0.obj
c:\pca\pca\x64\debug\slaex1.obj
c:\pca\pca\x64\debug\slaex3.obj
c:\pca\pca\x64\debug\slarfb_gpu.obj
c:\pca\pca\x64\debug\slatrd.obj
c:\pca\pca\x64\debug\sormql.obj
c:\pca\pca\x64\debug\sormqr.obj
c:\pca\pca\x64\debug\sormtr.obj
c:\pca\pca\x64\debug\spanel_to_q.obj
c:\pca\pca\x64\debug\sstedx.obj
c:\pca\pca\x64\debug\ssyevd.obj
c:\pca\pca\x64\debug\ssytrd.obj
c:\pca\pca\x64\debug\xerbla.obj
c:\pca\pca\x64\debug\cl_magma_rt.obj
c:\pca\pca\x64\debug\constants.obj
c:\pca\pca\x64\debug\dlarfb_gpu.obj
c:\pca\pca\x64\debug\dlatrd.obj
c:\pca\pca\x64\debug\dormql.obj
c:\pca\pca\x64\debug\dormqr.obj
c:\pca\pca\x64\debug\dormtr.obj
c:\pca\pca\x64\debug\dpanel_to_q.obj
c:\pca\x64\debug\pca.ilk
c:\pca\x64\debug\pca.exe
c:\pca\pca\vc120.tlb
c:\pca\pca\vc120_i.c
c:\pca\pca\vc120.h
c:\pca\pca\vc120.idl
c:\pca\x64\debug\pca.pdb
c:\pca\pca\x64\debug\pca.tlog\cl.command.1.tlog
c:\pca\pca\x64\debug\pca.tlog\cl.read.1.tlog
c:\pca\pca\x64\debug\pca.tlog\cl.write.1.tlog
c:\pca\pca\x64\debug\pca.tlog\link.command.1.tlog
c:\pca\pca\x64\debug\pca.tlog\link.read.1.tlog
c:\pca\pca\x64\debug\pca.tlog\link.write.1.tlog
